======================================================================
PHASE 2: FULL PARAMS VALIDATION
======================================================================

============================================================
=== p2_baseline ===
Config: []

[configurable_pipeline] Experiment: p2_baseline
[configurable_pipeline] Enabled components: ['multi_scale_ppr', 'temporal_edges', 'community_features']
  [P0-2] entity filter: removed 0 sentinel edges, 18 mega-entities (>500 users)
  [P0-2] entity filter: removed 46730 sentinel edges
[configurable_pipeline] Community features (label-free): ['community_id', 'community_size', 'community_max_degree', 'cross_community_edges']
/home/user/YuNing/bitoguard-hackathon/bitoguard_core/official/stacking.py:219: RuntimeWarning: invalid value encountered in divide
  prec = np.where(denom_p > 0, tp / denom_p, 0.0)
/home/user/YuNing/bitoguard-hackathon/bitoguard_core/official/stacking.py:222: RuntimeWarning: invalid value encountered in divide
  f1 = np.where(denom_f > 0, 2.0 * prec * rec / denom_f, 0.0)
[stacker] BlendEnsemble peak OOF F1=0.3677, weights={'base_a_probability': 0.05000000074505806, 'base_e_probability': 0.15000000596046448, 'base_c_s_probability': 0.25, 'base_cs_x_anomaly': 0.550000011920929}
[stacker] CatBoost stacker peak OOF F1=0.3678
[stacker] Selected CatBoost stacker (F1=0.3678 > blend F1=0.3677)
[configurable_pipeline] Result: F1=0.3679 P=0.3132 R=0.4457 AP=0.3214 thr=0.4750 flagged=2334 elapsed=310s [dormant=0.0000, active=0.3679]
[EXP] p2_baseline: F1=0.3679 | FULL params DEFAULT_CONFIG baseline
Result: F1=0.3679 AP=0.0000 (0s) delta=+0.0000 neutral

============================================================
=== p2_seq ===
Config: ['sequence_features']

[configurable_pipeline] Experiment: p2_seq
[configurable_pipeline] Enabled components: ['multi_scale_ppr', 'temporal_edges', 'community_features', 'sequence_features']
  [P0-2] entity filter: removed 0 sentinel edges, 18 mega-entities (>500 users)
  [P0-2] entity filter: removed 46730 sentinel edges
[configurable_pipeline] Community features (label-free): ['community_id', 'community_size', 'community_max_degree', 'cross_community_edges']
[sequence_features] Building 20 features for 63770 users...
[sequence_features] Loaded: twd=195601, crypto=239958, swap=53841, trade=217634
[sequence_features] Done: 20 features, 727787 non-zero values, 13.6s
[configurable_pipeline] Sequence features: 20 cols added
/home/user/YuNing/bitoguard-hackathon/bitoguard_core/official/stacking.py:219: RuntimeWarning: invalid value encountered in divide
  prec = np.where(denom_p > 0, tp / denom_p, 0.0)
/home/user/YuNing/bitoguard-hackathon/bitoguard_core/official/stacking.py:222: RuntimeWarning: invalid value encountered in divide
  f1 = np.where(denom_f > 0, 2.0 * prec * rec / denom_f, 0.0)
[stacker] BlendEnsemble peak OOF F1=0.3785, weights={'base_e_probability': 0.10000000149011612, 'base_c_s_probability': 0.3499999940395355, 'base_cs_x_anomaly': 0.550000011920929}
[stacker] CatBoost stacker peak OOF F1=0.3701
[stacker] Selected BlendEnsemble (F1=0.3785)
[configurable_pipeline] Result: F1=0.3815 P=0.3550 R=0.4122 AP=0.3222 thr=0.2050 flagged=1904 elapsed=325s [dormant=0.0000, active=0.3815]
[EXP] p2_seq: F1=0.3815 | +sequence_features FULL params
Result: F1=0.3815 AP=0.0000 (0s) delta=+0.0136 POSITIVE

============================================================
=== p2_seq_temporal ===
Config: ['sequence_features', 'temporal_sequence_features']

[configurable_pipeline] Experiment: p2_seq_temporal
[configurable_pipeline] Enabled components: ['multi_scale_ppr', 'temporal_edges', 'community_features', 'temporal_sequence_features', 'sequence_features']
  [P0-2] entity filter: removed 0 sentinel edges, 18 mega-entities (>500 users)
  [P0-2] entity filter: removed 46730 sentinel edges
[configurable_pipeline] Community features (label-free): ['community_id', 'community_size', 'community_max_degree', 'cross_community_edges']
[sequence_features] Building 20 features for 63770 users...
[sequence_features] Loaded: twd=195601, crypto=239958, swap=53841, trade=217634
[sequence_features] Done: 20 features, 727787 non-zero values, 13.6s
[configurable_pipeline] Sequence features: 20 cols added
[temporal_features] Building 23 features for 63770 users...
[temporal_features] Loaded: twd=195601, crypto=239958, swap=53841, trade=217634
[temporal_features] Done: 23 features, 8.8s
[configurable_pipeline] Temporal features: 23 cols added
/home/user/YuNing/bitoguard-hackathon/bitoguard_core/official/stacking.py:219: RuntimeWarning: invalid value encountered in divide
  prec = np.where(denom_p > 0, tp / denom_p, 0.0)
/home/user/YuNing/bitoguard-hackathon/bitoguard_core/official/stacking.py:222: RuntimeWarning: invalid value encountered in divide
  f1 = np.where(denom_f > 0, 2.0 * prec * rec / denom_f, 0.0)
[stacker] BlendEnsemble peak OOF F1=0.3753, weights={'base_e_probability': 0.05000000074505806, 'base_a_probability': 0.05000000074505806, 'base_d_probability': 0.15000000596046448, 'base_c_s_probability': 0.20000000298023224, 'base_cs_x_anomaly': 0.550000011920929}
[stacker] CatBoost stacker peak OOF F1=0.3782
[stacker] Selected CatBoost stacker (F1=0.3782 > blend F1=0.3753)
[configurable_pipeline] Result: F1=0.3790 P=0.3349 R=0.4366 AP=0.3447 thr=0.4950 flagged=2138 elapsed=337s [dormant=0.0000, active=0.3790]
[EXP] p2_seq_temporal: F1=0.3790 | +seq+temporal FULL params (best V7: 0.3852)
Result: F1=0.3790 AP=0.0000 (0s) delta=+0.0111 POSITIVE

============================================================
=== p2_all_new ===
Config: ['sequence_features', 'temporal_sequence_features', 'flow_graph_edges']

[configurable_pipeline] Experiment: p2_all_new
[configurable_pipeline] Enabled components: ['multi_scale_ppr', 'temporal_edges', 'community_features', 'temporal_sequence_features', 'sequence_features', 'flow_graph_edges']
  [P0-2] entity filter: removed 0 sentinel edges, 18 mega-entities (>500 users)
  [P0-2] entity filter: removed 46730 sentinel edges
  [flow_graph_edges] 1085 user pairs, 0.191 mean weight
[configurable_pipeline] Community features (label-free): ['community_id', 'community_size', 'community_max_degree', 'cross_community_edges']
[sequence_features] Building 20 features for 63770 users...
[sequence_features] Loaded: twd=195601, crypto=239958, swap=53841, trade=217634
[sequence_features] Done: 20 features, 727787 non-zero values, 13.8s
[configurable_pipeline] Sequence features: 20 cols added
[temporal_features] Building 23 features for 63770 users...
[temporal_features] Loaded: twd=195601, crypto=239958, swap=53841, trade=217634
[temporal_features] Done: 23 features, 8.6s
[configurable_pipeline] Temporal features: 23 cols added
/home/user/YuNing/bitoguard-hackathon/bitoguard_core/official/stacking.py:219: RuntimeWarning: invalid value encountered in divide
  prec = np.where(denom_p > 0, tp / denom_p, 0.0)
/home/user/YuNing/bitoguard-hackathon/bitoguard_core/official/stacking.py:222: RuntimeWarning: invalid value encountered in divide
  f1 = np.where(denom_f > 0, 2.0 * prec * rec / denom_f, 0.0)
[stacker] BlendEnsemble peak OOF F1=0.3745, weights={'base_e_probability': 0.10000000149011612, 'base_c_s_probability': 0.3499999940395355, 'base_cs_x_anomaly': 0.550000011920929}
[stacker] CatBoost stacker peak OOF F1=0.3700
[stacker] Selected BlendEnsemble (F1=0.3745)
[configurable_pipeline] Result: F1=0.3826 P=0.3491 R=0.4232 AP=0.3204 thr=0.2000 flagged=1988 elapsed=336s [dormant=0.0000, active=0.3826]
[EXP] p2_all_new: F1=0.3826 | +seq+temporal+flow FULL params
Result: F1=0.3826 AP=0.0000 (0s) delta=+0.0147 POSITIVE

============================================================
=== p2_lr_stacker ===
Config: ['lr_stacker']

[configurable_pipeline] Experiment: p2_lr_stacker
[configurable_pipeline] Enabled components: ['multi_scale_ppr', 'temporal_edges', 'community_features', 'lr_stacker']
  [P0-2] entity filter: removed 0 sentinel edges, 18 mega-entities (>500 users)
  [P0-2] entity filter: removed 46730 sentinel edges
[configurable_pipeline] Community features (label-free): ['community_id', 'community_size', 'community_max_degree', 'cross_community_edges']
/home/user/YuNing/bitoguard-hackathon/.venv/lib/python3.12/site-packages/sklearn/utils/validation.py:2742: UserWarning: X has feature names, but LogisticRegression was fitted without feature names
  warnings.warn(
FAILED (ValueError): Input X contains NaN.
LogisticRegression does not accept missing values encoded as NaN natively. For supervised learning, you might want to consider sklearn.ensemble.HistGradientBoostingClassifier and Regressor which accept missing values encoded as NaNs natively. Alternatively, it is possible to preprocess the data, for instance by using an imputer transformer in a pipeline or drop samples with missing values. See https://scikit-learn.org/stable/modules/impute.html You can find a list of all estimators that handle NaN values at the following page: https://scikit-learn.org/stable/modules/impute.html#estimators-that-handle-nan-values
Traceback (most recent call last):
  File "/home/user/YuNing/bitoguard-hackathon/phase2_full_params.py", line 62, in <module>
    result = run_configurable_pipeline(config=config, experiment_id=exp_id)
             ^^^^^^^^^^^^^^^^^^^^^^^^^^^^^^^^^^^^^^^^^^^^^^^^^^^^^^^^^^^^^^
  File "/home/user/YuNing/bitoguard-hackathon/bitoguard_core/official/configurable_pipeline.py", line 731, in run_configurable_pipeline
    oof_frame, stacker_model = build_stacker_oof(
                               ^^^^^^^^^^^^^^^^^^
  File "/home/user/YuNing/bitoguard-hackathon/bitoguard_core/official/stacking.py", line 372, in build_stacker_oof
    valid_frame["stacker_raw_probability"] = model.predict_proba(valid_frame[available_cols])[:, 1]
                                             ^^^^^^^^^^^^^^^^^^^^^^^^^^

============================================================
=== p2_seq_lr ===
Config: ['sequence_features', 'lr_stacker']

[configurable_pipeline] Experiment: p2_seq_lr
[configurable_pipeline] Enabled components: ['multi_scale_ppr', 'temporal_edges', 'community_features', 'sequence_features', 'lr_stacker']
  [P0-2] entity filter: removed 0 sentinel edges, 18 mega-entities (>500 users)
  [P0-2] entity filter: removed 46730 sentinel edges
[configurable_pipeline] Community features (label-free): ['community_id', 'community_size', 'community_max_degree', 'cross_community_edges']
[sequence_features] Building 20 features for 63770 users...
[sequence_features] Loaded: twd=195601, crypto=239958, swap=53841, trade=217634
[sequence_features] Done: 20 features, 727787 non-zero values, 13.8s
[configurable_pipeline] Sequence features: 20 cols added
/home/user/YuNing/bitoguard-hackathon/.venv/lib/python3.12/site-packages/sklearn/utils/validation.py:2742: UserWarning: X has feature names, but LogisticRegression was fitted without feature names
  warnings.warn(
FAILED (ValueError): Input X contains NaN.
LogisticRegression does not accept missing values encoded as NaN natively. For supervised learning, you might want to consider sklearn.ensemble.HistGradientBoostingClassifier and Regressor which accept missing values encoded as NaNs natively. Alternatively, it is possible to preprocess the data, for instance by using an imputer transformer in a pipeline or drop samples with missing values. See https://scikit-learn.org/stable/modules/impute.html You can find a list of all estimators that handle NaN values at the following page: https://scikit-learn.org/stable/modules/impute.html#estimators-that-handle-nan-values
Traceback (most recent call last):
  File "/home/user/YuNing/bitoguard-hackathon/phase2_full_params.py", line 62, in <module>
    result = run_configurable_pipeline(config=config, experiment_id=exp_id)
             ^^^^^^^^^^^^^^^^^^^^^^^^^^^^^^^^^^^^^^^^^^^^^^^^^^^^^^^^^^^^^^
  File "/home/user/YuNing/bitoguard-hackathon/bitoguard_core/official/configurable_pipeline.py", line 731, in run_configurable_pipeline
    oof_frame, stacker_model = build_stacker_oof(
                               ^^^^^^^^^^^^^^^^^^
  File "/home/user/YuNing/bitoguard-hackathon/bitoguard_core/official/stacking.py", line 372, in build_stacker_oof
    valid_frame["stacker_raw_probability"] = model.predict_proba(valid_frame[available_cols])[:, 1]
                                             ^^^^^^^^^^^^^^^^^^^^^^^^^^

======================================================================
=== PHASE 2 SUMMARY ===
Experiment                     F1      AP    delta  Verdict
----------------------------------------------------------------------
p2_baseline                0.3679  0.0000  +0.0000  neutral
p2_seq                     0.3815  0.0000  +0.0136  STRONG
p2_seq_temporal            0.3790  0.0000  +0.0111  STRONG
p2_all_new                 0.3826  0.0000  +0.0147  STRONG
p2_lr_stacker                  --      --       --  FAILED: Input X contains NaN.
LogisticRegression does not accept missing values encoded as NaN natively. For supervised learning, you might want to consider sklearn.ensemble.HistGradientBoostingClassifier and Regressor which accept missing values encoded as NaNs natively. Alternatively, it is possible to preprocess the data, for instance by using an imputer transformer in a pipeline or drop samples with missing values. See https://scikit-learn.org/stable/modules/impute.html You can find a list of all estimators that handle NaN values at the following page: https://scikit-learn.org/stable/modules/impute.html#estimators-that-handle-nan-values
p2_seq_lr                      --      --       --  FAILED: Input X contains NaN.
LogisticRegression does not accept missing values encoded as NaN natively. For supervised learning, you might want to consider sklearn.ensemble.HistGradientBoostingClassifier and Regressor which accept missing values encoded as NaNs natively. Alternatively, it is possible to preprocess the data, for instance by using an imputer transformer in a pipeline or drop samples with missing values. See https://scikit-learn.org/stable/modules/impute.html You can find a list of all estimators that handle NaN values at the following page: https://scikit-learn.org/stable/modules/impute.html#estimators-that-handle-nan-values
======================================================================

Best Phase 2 config: p2_all_new (F1=0.3826, delta=+0.0147)
=> Proceed to Phase 3 HPO with this config as base
