
============================================================
=== v7_clean_base ===
Enabled: []

[configurable_pipeline] Experiment: v7_clean_base
[configurable_pipeline] Enabled components: ['temporal_edges']
  [P0-2] entity filter: removed 0 sentinel edges, 18 mega-entities (>500 users)
  [P0-2] entity filter: removed 46730 sentinel edges
Warning: less than 75% GPU memory available for training. Free: 1703.75 Total: 32100.6875
Warning: less than 75% GPU memory available for training. Free: 1885.75 Total: 32100.6875
/home/user/YuNing/bitoguard-hackathon/bitoguard_core/official/stacking.py:219: RuntimeWarning: invalid value encountered in divide
  prec = np.where(denom_p > 0, tp / denom_p, 0.0)
/home/user/YuNing/bitoguard-hackathon/bitoguard_core/official/stacking.py:222: RuntimeWarning: invalid value encountered in divide
  f1 = np.where(denom_f > 0, 2.0 * prec * rec / denom_f, 0.0)
[stacker] BlendEnsemble peak OOF F1=0.3687, weights={'base_a_probability': 0.05000000074505806, 'base_e_probability': 0.10000000149011612, 'base_c_s_probability': 0.4000000059604645, 'base_d_probability': 0.10000000149011612, 'base_cs_x_anomaly': 0.3499999940395355}
[stacker] ABLATION_FAST: skipping CatBoost stacker, using BlendEnsemble
[configurable_pipeline] Result: F1=0.3730 P=0.3338 R=0.4226 AP=0.3230 thr=0.3000 flagged=2076 elapsed=459s [dormant=0.0000, active=0.3730]
Result: F1=0.3730 AP=0.3230 (460s)

============================================================
=== v7_clean_seq ===
Enabled: ['sequence_features']

[configurable_pipeline] Experiment: v7_clean_seq
[configurable_pipeline] Enabled components: ['temporal_edges', 'sequence_features']
  [P0-2] entity filter: removed 0 sentinel edges, 18 mega-entities (>500 users)
  [P0-2] entity filter: removed 46730 sentinel edges
[sequence_features] Building 20 features for 63770 users...
[sequence_features] Loaded: twd=195601, crypto=239958, swap=53841, trade=217634
[sequence_features] Done: 20 features, 727787 non-zero values, 14.3s
[configurable_pipeline] Sequence features: 20 cols added
Warning: less than 75% GPU memory available for training. Free: 1385.75 Total: 32100.6875
Warning: less than 75% GPU memory available for training. Free: 2637.75 Total: 32100.6875
Warning: less than 75% GPU memory available for training. Free: 1385.75 Total: 32100.6875
Warning: less than 75% GPU memory available for training. Free: 2637.75 Total: 32100.6875
Warning: less than 75% GPU memory available for training. Free: 1385.75 Total: 32100.6875
Warning: less than 75% GPU memory available for training. Free: 2637.75 Total: 32100.6875
Warning: less than 75% GPU memory available for training. Free: 1385.75 Total: 32100.6875
Warning: less than 75% GPU memory available for training. Free: 2637.75 Total: 32100.6875
Warning: less than 75% GPU memory available for training. Free: 1385.75 Total: 32100.6875
Warning: less than 75% GPU memory available for training. Free: 2637.75 Total: 32100.6875
/home/user/YuNing/bitoguard-hackathon/bitoguard_core/official/stacking.py:219: RuntimeWarning: invalid value encountered in divide
  prec = np.where(denom_p > 0, tp / denom_p, 0.0)
/home/user/YuNing/bitoguard-hackathon/bitoguard_core/official/stacking.py:222: RuntimeWarning: invalid value encountered in divide
  f1 = np.where(denom_f > 0, 2.0 * prec * rec / denom_f, 0.0)
[stacker] BlendEnsemble peak OOF F1=0.3798, weights={'base_e_probability': 0.15000000596046448, 'base_c_s_probability': 0.5, 'base_cs_x_anomaly': 0.3499999940395355}
[stacker] ABLATION_FAST: skipping CatBoost stacker, using BlendEnsemble
[configurable_pipeline] Result: F1=0.3798 P=0.3469 R=0.4195 AP=0.3266 thr=0.2700 flagged=1983 elapsed=518s [dormant=0.0000, active=0.3798]
Result: F1=0.3798 AP=0.3266 (518s)

============================================================
=== v7_clean_temporal ===
Enabled: ['temporal_sequence_features']

[configurable_pipeline] Experiment: v7_clean_temporal
[configurable_pipeline] Enabled components: ['temporal_edges', 'temporal_sequence_features']
  [P0-2] entity filter: removed 0 sentinel edges, 18 mega-entities (>500 users)
  [P0-2] entity filter: removed 46730 sentinel edges
[temporal_features] Building 23 features for 63770 users...
[temporal_features] Loaded: twd=195601, crypto=239958, swap=53841, trade=217634
[temporal_features] Done: 23 features, 9.2s
[configurable_pipeline] Temporal features: 23 cols added
Warning: less than 75% GPU memory available for training. Free: 1385.75 Total: 32100.6875
Warning: less than 75% GPU memory available for training. Free: 2637.75 Total: 32100.6875
Warning: less than 75% GPU memory available for training. Free: 1885.75 Total: 32100.6875
/home/user/YuNing/bitoguard-hackathon/bitoguard_core/official/stacking.py:219: RuntimeWarning: invalid value encountered in divide
  prec = np.where(denom_p > 0, tp / denom_p, 0.0)
/home/user/YuNing/bitoguard-hackathon/bitoguard_core/official/stacking.py:222: RuntimeWarning: invalid value encountered in divide
  f1 = np.where(denom_f > 0, 2.0 * prec * rec / denom_f, 0.0)
[stacker] BlendEnsemble peak OOF F1=0.3770, weights={'base_e_probability': 0.20000000298023224, 'base_c_s_probability': 0.550000011920929, 'base_cs_x_anomaly': 0.25}
[stacker] ABLATION_FAST: skipping CatBoost stacker, using BlendEnsemble
[configurable_pipeline] Result: F1=0.3770 P=0.3372 R=0.4274 AP=0.3246 thr=0.2900 flagged=2079 elapsed=495s [dormant=0.0000, active=0.3770]
Result: F1=0.3770 AP=0.3246 (495s)

============================================================
=== v7_clean_seq_temporal ===
Enabled: ['sequence_features', 'temporal_sequence_features']

[configurable_pipeline] Experiment: v7_clean_seq_temporal
[configurable_pipeline] Enabled components: ['temporal_edges', 'temporal_sequence_features', 'sequence_features']
  [P0-2] entity filter: removed 0 sentinel edges, 18 mega-entities (>500 users)
  [P0-2] entity filter: removed 46730 sentinel edges
[sequence_features] Building 20 features for 63770 users...
[sequence_features] Loaded: twd=195601, crypto=239958, swap=53841, trade=217634
[sequence_features] Done: 20 features, 727787 non-zero values, 15.2s
[configurable_pipeline] Sequence features: 20 cols added
[temporal_features] Building 23 features for 63770 users...
[temporal_features] Loaded: twd=195601, crypto=239958, swap=53841, trade=217634
[temporal_features] Done: 23 features, 11.2s
[configurable_pipeline] Temporal features: 23 cols added
Warning: less than 75% GPU memory available for training. Free: 1385.75 Total: 32100.6875
Warning: less than 75% GPU memory available for training. Free: 1887.75 Total: 32100.6875
Warning: less than 75% GPU memory available for training. Free: 1385.75 Total: 32100.6875
/home/user/YuNing/bitoguard-hackathon/bitoguard_core/official/stacking.py:219: RuntimeWarning: invalid value encountered in divide
  prec = np.where(denom_p > 0, tp / denom_p, 0.0)
/home/user/YuNing/bitoguard-hackathon/bitoguard_core/official/stacking.py:222: RuntimeWarning: invalid value encountered in divide
  f1 = np.where(denom_f > 0, 2.0 * prec * rec / denom_f, 0.0)
[stacker] BlendEnsemble peak OOF F1=0.3852, weights={'base_e_probability': 0.15000000596046448, 'base_c_s_probability': 0.550000011920929, 'base_d_probability': 0.05000000074505806, 'base_cs_x_anomaly': 0.25}
[stacker] ABLATION_FAST: skipping CatBoost stacker, using BlendEnsemble
[configurable_pipeline] Result: F1=0.3852 P=0.3367 R=0.4500 AP=0.3310 thr=0.2900 flagged=2192 elapsed=504s [dormant=0.0000, active=0.3852]
Result: F1=0.3852 AP=0.3310 (504s)

============================================================
=== v7_clean_seq_lag ===
Enabled: ['sequence_features', 'lag_features']

[configurable_pipeline] Experiment: v7_clean_seq_lag
[configurable_pipeline] Enabled components: ['temporal_edges', 'lag_features', 'sequence_features']
  [P0-2] entity filter: removed 0 sentinel edges, 18 mega-entities (>500 users)
  [P0-2] entity filter: removed 46730 sentinel edges
[sequence_features] Building 20 features for 63770 users...
[sequence_features] Loaded: twd=195601, crypto=239958, swap=53841, trade=217634
[sequence_features] Done: 20 features, 727787 non-zero values, 15.0s
[configurable_pipeline] Sequence features: 20 cols added
[configurable_pipeline] Lag features: 12 cols added
Warning: less than 75% GPU memory available for training. Free: 1495.75 Total: 32100.6875
Warning: less than 75% GPU memory available for training. Free: 1495.75 Total: 32100.6875
Warning: less than 75% GPU memory available for training. Free: 1493.75 Total: 32100.6875
/home/user/YuNing/bitoguard-hackathon/bitoguard_core/official/stacking.py:219: RuntimeWarning: invalid value encountered in divide
  prec = np.where(denom_p > 0, tp / denom_p, 0.0)
/home/user/YuNing/bitoguard-hackathon/bitoguard_core/official/stacking.py:222: RuntimeWarning: invalid value encountered in divide
  f1 = np.where(denom_f > 0, 2.0 * prec * rec / denom_f, 0.0)
[stacker] BlendEnsemble peak OOF F1=0.3773, weights={'base_e_probability': 0.20000000298023224, 'base_a_probability': 0.10000000149011612, 'base_c_s_probability': 0.20000000298023224, 'base_cs_x_anomaly': 0.5}
[stacker] ABLATION_FAST: skipping CatBoost stacker, using BlendEnsemble
[configurable_pipeline] Result: F1=0.3812 P=0.3563 R=0.4098 AP=0.3306 thr=0.2600 flagged=1886 elapsed=467s [dormant=0.0000, active=0.3812]
Result: F1=0.3812 AP=0.3306 (467s)

============================================================
=== v7_clean_lr_stacker ===
Enabled: ['lr_stacker']

[configurable_pipeline] Experiment: v7_clean_lr_stacker
[configurable_pipeline] Enabled components: ['temporal_edges', 'lr_stacker']
  [P0-2] entity filter: removed 0 sentinel edges, 18 mega-entities (>500 users)
  [P0-2] entity filter: removed 46730 sentinel edges
Warning: less than 75% GPU memory available for training. Free: 1385.75 Total: 32100.6875
Warning: less than 75% GPU memory available for training. Free: 2637.75 Total: 32100.6875
Warning: less than 75% GPU memory available for training. Free: 1385.75 Total: 32100.6875
Warning: less than 75% GPU memory available for training. Free: 1385.75 Total: 32100.6875
FAILED (408s): Input X contains NaN.
LogisticRegression does not accept missing values encoded as NaN natively. For supervised learning, you might want to consider sklearn.ensemble.HistGradientBoostingClassifier and Regressor which accept missing values encoded as NaNs natively. Alternatively, it is possible to preprocess the data, for instance by using an imputer transformer in a pipeline or drop samples with missing values. See https://scikit-learn.org/stable/modules/impute.html You can find a list of all estimators that handle NaN values at the following page: https://scikit-learn.org/stable/modules/impute.html#estimators-that-handle-nan-values
Traceback (most recent call last):
  File "/home/user/YuNing/bitoguard-hackathon/remote5_v7_clean.py", line 64, in <module>
    result = run_configurable_pipeline(
             ^^^^^^^^^^^^^^^^^^^^^^^^^^
  File "/home/user/YuNing/bitoguard-hackathon/bitoguard_core/official/configurable_pipeline.py", line 731, in run_configurable_pipeline
    oof_frame, stacker_model = build_stacker_oof(
                               ^^^^^^^^^^^^^^^^^^
  File "/home/user/YuNing/bitoguard-hackathon/bitoguard_core/official/stacking.py", line 368, in build_stacker_oof
    model = fit_logistic_stacker(train_frame, available_cols)
            ^^^^^^^^^^^^^^^^^^^^^^^^^^^^^^^^^^^^^^^^^^^^^^^^^
  File "/home/user/YuNing/bitoguard-hackathon/bitoguard_core/official/stacking.py", line 281, in fit_logistic_stacker
    model.fit(frame[feature_columns], frame["status"].astype(int))
  File "/home/user/YuNing/bitoguard-hackathon/.venv/lib/python3.12/site-packages/sklearn/base.py", line 1365, in wrapper
    return fit_method(estimator, *args, **kwargs)
           ^^^^^^^^^^^^^^^^^^^^^^^^^^^^^^^^^^^^^^
  File "/home/user/YuNing/bitoguard-hackathon/.venv/lib/python3.12/site-packages/sklearn/linear_model/_logistic.py", line 1247, in fit
    X, y = validate_data(
           ^^^^^^^^^^^^^^
  File "/home/user/YuNing/bitoguard-hackathon/.venv/lib/python3.12/site-packages/sklearn/utils/validation.py", line 2971, in validate_data
    X, y = check_X_y(X, y, **check_params)
           ^^^^^^^^^^^^^^^^^^^^^^^^^^^^^^^
  File "/home/user/YuNing/bitoguard-hackathon/.venv/lib/python3.12/site-packages/sklearn/utils/validation.py", line 1368, in check_X_y
    X = check_array(
        ^^^^^^^^^^^^
  File "/home/user/YuNing/bitoguard-hackathon/.venv/lib/python3.12/site-packages/sklearn/utils/validation.py", line 1105, in check_array
    _assert_all_finite(
  File "/home/user/YuNing/bitoguard-hackathon/.venv/lib/python3.12/site-packages/sklearn/utils/validation.py", line 120, in _assert_all_finite
    _assert_all_finite_element_wise(
  File "/home/user/YuNing/bitoguard-hackathon/.venv/lib/python3.12/site-packages/sklearn/utils/validation.py", line 169, in _assert_all_finite_element_wise
    raise ValueError(msg_err)
ValueError: Input X contains NaN.
LogisticRegression does not accept missing values encoded as NaN natively. For supervised learning, you might want to consider sklearn.ensemble.HistGradientBoostingClassifier and Regressor which accept missing values encoded as NaNs natively. Alternatively, it is possible to preprocess the data, for instance by using an imputer transformer in a pipeline or drop samples with missing values. See https://scikit-learn.org/stable/modules/impute.html You can find a list of all estimators that handle NaN values at the following page: https://scikit-learn.org/stable/modules/impute.html#estimators-that-handle-nan-values

============================================================
=== v7_clean_seq_lr_stacker ===
Enabled: ['sequence_features', 'lr_stacker']

[configurable_pipeline] Experiment: v7_clean_seq_lr_stacker
[configurable_pipeline] Enabled components: ['temporal_edges', 'sequence_features', 'lr_stacker']
  [P0-2] entity filter: removed 0 sentinel edges, 18 mega-entities (>500 users)
  [P0-2] entity filter: removed 46730 sentinel edges
[sequence_features] Building 20 features for 63770 users...
[sequence_features] Loaded: twd=195601, crypto=239958, swap=53841, trade=217634
[sequence_features] Done: 20 features, 727787 non-zero values, 14.3s
[configurable_pipeline] Sequence features: 20 cols added
Warning: less than 75% GPU memory available for training. Free: 1385.75 Total: 32100.6875
Warning: less than 75% GPU memory available for training. Free: 2637.75 Total: 32100.6875
Warning: less than 75% GPU memory available for training. Free: 1463.75 Total: 32100.6875
Warning: less than 75% GPU memory available for training. Free: 1385.75 Total: 32100.6875
Warning: less than 75% GPU memory available for training. Free: 2637.75 Total: 32100.6875
Warning: less than 75% GPU memory available for training. Free: 1385.75 Total: 32100.6875
Warning: less than 75% GPU memory available for training. Free: 1385.75 Total: 32100.6875
FAILED (489s): Input X contains NaN.
LogisticRegression does not accept missing values encoded as NaN natively. For supervised learning, you might want to consider sklearn.ensemble.HistGradientBoostingClassifier and Regressor which accept missing values encoded as NaNs natively. Alternatively, it is possible to preprocess the data, for instance by using an imputer transformer in a pipeline or drop samples with missing values. See https://scikit-learn.org/stable/modules/impute.html You can find a list of all estimators that handle NaN values at the following page: https://scikit-learn.org/stable/modules/impute.html#estimators-that-handle-nan-values
Traceback (most recent call last):
  File "/home/user/YuNing/bitoguard-hackathon/remote5_v7_clean.py", line 64, in <module>
    result = run_configurable_pipeline(
             ^^^^^^^^^^^^^^^^^^^^^^^^^^
  File "/home/user/YuNing/bitoguard-hackathon/bitoguard_core/official/configurable_pipeline.py", line 731, in run_configurable_pipeline
    oof_frame, stacker_model = build_stacker_oof(
                               ^^^^^^^^^^^^^^^^^^
  File "/home/user/YuNing/bitoguard-hackathon/bitoguard_core/official/stacking.py", line 368, in build_stacker_oof
    model = fit_logistic_stacker(train_frame, available_cols)
            ^^^^^^^^^^^^^^^^^^^^^^^^^^^^^^^^^^^^^^^^^^^^^^^^^
  File "/home/user/YuNing/bitoguard-hackathon/bitoguard_core/official/stacking.py", line 281, in fit_logistic_stacker
    model.fit(frame[feature_columns], frame["status"].astype(int))
  File "/home/user/YuNing/bitoguard-hackathon/.venv/lib/python3.12/site-packages/sklearn/base.py", line 1365, in wrapper
    return fit_method(estimator, *args, **kwargs)
           ^^^^^^^^^^^^^^^^^^^^^^^^^^^^^^^^^^^^^^
  File "/home/user/YuNing/bitoguard-hackathon/.venv/lib/python3.12/site-packages/sklearn/linear_model/_logistic.py", line 1247, in fit
    X, y = validate_data(
           ^^^^^^^^^^^^^^
  File "/home/user/YuNing/bitoguard-hackathon/.venv/lib/python3.12/site-packages/sklearn/utils/validation.py", line 2971, in validate_data
    X, y = check_X_y(X, y, **check_params)
           ^^^^^^^^^^^^^^^^^^^^^^^^^^^^^^^
  File "/home/user/YuNing/bitoguard-hackathon/.venv/lib/python3.12/site-packages/sklearn/utils/validation.py", line 1368, in check_X_y
    X = check_array(
        ^^^^^^^^^^^^
  File "/home/user/YuNing/bitoguard-hackathon/.venv/lib/python3.12/site-packages/sklearn/utils/validation.py", line 1105, in check_array
    _assert_all_finite(
  File "/home/user/YuNing/bitoguard-hackathon/.venv/lib/python3.12/site-packages/sklearn/utils/validation.py", line 120, in _assert_all_finite
    _assert_all_finite_element_wise(
  File "/home/user/YuNing/bitoguard-hackathon/.venv/lib/python3.12/site-packages/sklearn/utils/validation.py", line 169, in _assert_all_finite_element_wise
    raise ValueError(msg_err)
ValueError: Input X contains NaN.
LogisticRegression does not accept missing values encoded as NaN natively. For supervised learning, you might want to consider sklearn.ensemble.HistGradientBoostingClassifier and Regressor which accept missing values encoded as NaNs natively. Alternatively, it is possible to preprocess the data, for instance by using an imputer transformer in a pipeline or drop samples with missing values. See https://scikit-learn.org/stable/modules/impute.html You can find a list of all estimators that handle NaN values at the following page: https://scikit-learn.org/stable/modules/impute.html#estimators-that-handle-nan-values

============================================================
=== V7 SUMMARY ===
  v7_clean_base: F1=0.3730 AP=0.3230 (460s)
  v7_clean_seq: F1=0.3798 AP=0.3266 (518s)
  v7_clean_temporal: F1=0.3770 AP=0.3246 (495s)
  v7_clean_seq_temporal: F1=0.3852 AP=0.3310 (504s)
  v7_clean_seq_lag: F1=0.3812 AP=0.3306 (467s)
  v7_clean_lr_stacker: F1=0.0000 AP=0.0000 (408s)
  v7_clean_seq_lr_stacker: F1=0.0000 AP=0.0000 (489s)
