[nested_hpo 14:03:38] Loading dataset and building graph...
[sequence_features] Building 20 features for 63770 users...
[sequence_features] Loaded: twd=195601, crypto=239958, swap=53841, trade=217634
[sequence_features] Done: 20 features, 727787 non-zero values, 12.1s
[_load_dataset] Sequence features: 20 cols added
[temporal_features] Building 23 features for 63770 users...
[temporal_features] Loaded: twd=195601, crypto=239958, swap=53841, trade=217634
[temporal_features] Done: 23 features, 7.7s
[_load_dataset] Temporal features: 23 cols added
[_load_dataset] Community features skipped: community disabled
  [P0-2] entity filter: removed 0 sentinel edges, 18 mega-entities (>500 users)
  [P0-2] entity filter: removed 46730 sentinel edges
[nested_hpo 14:04:11] Loaded: 63770 users, 211 features (33s)
[nested_hpo 14:04:11] Hardware: HardwareProfile(cpu_threads=20, gpu_available=True, gpu_enabled=True, gpu_count=1, gpu_device_id=0, gpu_name='NVIDIA GeForce RTX 5090', fold_workers=1, worker_cpu_threads=20)
[nested_hpo 14:04:11] ============================================================
[nested_hpo 14:04:11] Outer fold 0 starting
[nested_hpo 14:04:11] ============================================================
[nested_hpo 14:04:11] outer_train=40813, outer_valid=10204
[nested_hpo 14:04:11] Stage 1: Inner folds + pre-cache...
[nested_hpo 14:04:25]   Pre-cache inner fold 0...
/home/user/bitoguard-hackathon/bitoguard_core/official/nested_hpo.py:260: DeprecationWarning: is_categorical_dtype is deprecated and will be removed in a future version. Use isinstance(dtype, pd.CategoricalDtype) instead
  or pd.api.types.is_categorical_dtype(train_frame[column])
/home/user/bitoguard-hackathon/bitoguard_core/official/nested_hpo.py:260: DeprecationWarning: is_categorical_dtype is deprecated and will be removed in a future version. Use isinstance(dtype, pd.CategoricalDtype) instead
  or pd.api.types.is_categorical_dtype(train_frame[column])
[nested_hpo 14:04:32]   Pre-cache fold 0 done (7s)
[nested_hpo 14:04:32]   Pre-cache inner fold 1...
/home/user/bitoguard-hackathon/bitoguard_core/official/nested_hpo.py:260: DeprecationWarning: is_categorical_dtype is deprecated and will be removed in a future version. Use isinstance(dtype, pd.CategoricalDtype) instead
  or pd.api.types.is_categorical_dtype(train_frame[column])
/home/user/bitoguard-hackathon/bitoguard_core/official/nested_hpo.py:260: DeprecationWarning: is_categorical_dtype is deprecated and will be removed in a future version. Use isinstance(dtype, pd.CategoricalDtype) instead
  or pd.api.types.is_categorical_dtype(train_frame[column])
[nested_hpo 14:04:40]   Pre-cache fold 1 done (8s)
[nested_hpo 14:04:40]   Pre-cache inner fold 2...
/home/user/bitoguard-hackathon/bitoguard_core/official/nested_hpo.py:260: DeprecationWarning: is_categorical_dtype is deprecated and will be removed in a future version. Use isinstance(dtype, pd.CategoricalDtype) instead
  or pd.api.types.is_categorical_dtype(train_frame[column])
/home/user/bitoguard-hackathon/bitoguard_core/official/nested_hpo.py:260: DeprecationWarning: is_categorical_dtype is deprecated and will be removed in a future version. Use isinstance(dtype, pd.CategoricalDtype) instead
  or pd.api.types.is_categorical_dtype(train_frame[column])
[nested_hpo 14:04:47]   Pre-cache fold 2 done (7s)
[nested_hpo 14:04:47] Stage 1 done (36s)
[nested_hpo 14:04:47] Stage 2: Dual-stream HPO starting...
[nested_hpo 14:04:47]   [GPU] CatBoost HPO starting...
[nested_hpo 14:04:47]   [CPU] LightGBM HPO starting...
[nested_hpo 14:19:21]   [CPU] LightGBM HPO done: F1=0.3828 (25 trials, 10 pruned, 874s)
[nested_hpo 14:20:08]   [GPU] CatBoost HPO done: F1=0.3837 (25 trials, 13 pruned, 921s)
[nested_hpo 14:20:08]   [GPU] XGBoost HPO skipped — locked to default params
[nested_hpo 14:20:08] Stage 2 done (921s)
[nested_hpo 14:20:08] Stage 3: Final training starting...
[nested_hpo 14:20:08]   3a: Inner 5-fold OOF on outer_train...
/home/user/bitoguard-hackathon/bitoguard_core/official/nested_hpo.py:260: DeprecationWarning: is_categorical_dtype is deprecated and will be removed in a future version. Use isinstance(dtype, pd.CategoricalDtype) instead
  or pd.api.types.is_categorical_dtype(train_frame[column])
/home/user/bitoguard-hackathon/bitoguard_core/official/nested_hpo.py:260: DeprecationWarning: is_categorical_dtype is deprecated and will be removed in a future version. Use isinstance(dtype, pd.CategoricalDtype) instead
  or pd.api.types.is_categorical_dtype(train_frame[column])
/home/user/bitoguard-hackathon/bitoguard_core/official/nested_hpo.py:260: DeprecationWarning: is_categorical_dtype is deprecated and will be removed in a future version. Use isinstance(dtype, pd.CategoricalDtype) instead
  or pd.api.types.is_categorical_dtype(train_frame[column])
/home/user/bitoguard-hackathon/bitoguard_core/official/nested_hpo.py:260: DeprecationWarning: is_categorical_dtype is deprecated and will be removed in a future version. Use isinstance(dtype, pd.CategoricalDtype) instead
  or pd.api.types.is_categorical_dtype(train_frame[column])
/home/user/bitoguard-hackathon/bitoguard_core/official/nested_hpo.py:260: DeprecationWarning: is_categorical_dtype is deprecated and will be removed in a future version. Use isinstance(dtype, pd.CategoricalDtype) instead
  or pd.api.types.is_categorical_dtype(train_frame[column])
/home/user/bitoguard-hackathon/bitoguard_core/official/nested_hpo.py:260: DeprecationWarning: is_categorical_dtype is deprecated and will be removed in a future version. Use isinstance(dtype, pd.CategoricalDtype) instead
  or pd.api.types.is_categorical_dtype(train_frame[column])
/home/user/bitoguard-hackathon/bitoguard_core/official/nested_hpo.py:260: DeprecationWarning: is_categorical_dtype is deprecated and will be removed in a future version. Use isinstance(dtype, pd.CategoricalDtype) instead
  or pd.api.types.is_categorical_dtype(train_frame[column])
/home/user/bitoguard-hackathon/bitoguard_core/official/nested_hpo.py:260: DeprecationWarning: is_categorical_dtype is deprecated and will be removed in a future version. Use isinstance(dtype, pd.CategoricalDtype) instead
  or pd.api.types.is_categorical_dtype(train_frame[column])
/home/user/bitoguard-hackathon/bitoguard_core/official/nested_hpo.py:260: DeprecationWarning: is_categorical_dtype is deprecated and will be removed in a future version. Use isinstance(dtype, pd.CategoricalDtype) instead
  or pd.api.types.is_categorical_dtype(train_frame[column])
/home/user/bitoguard-hackathon/bitoguard_core/official/nested_hpo.py:260: DeprecationWarning: is_categorical_dtype is deprecated and will be removed in a future version. Use isinstance(dtype, pd.CategoricalDtype) instead
  or pd.api.types.is_categorical_dtype(train_frame[column])
/home/user/bitoguard-hackathon/bitoguard_core/official/nested_hpo.py:260: DeprecationWarning: is_categorical_dtype is deprecated and will be removed in a future version. Use isinstance(dtype, pd.CategoricalDtype) instead
  or pd.api.types.is_categorical_dtype(train_frame[column])
/home/user/bitoguard-hackathon/bitoguard_core/official/nested_hpo.py:260: DeprecationWarning: is_categorical_dtype is deprecated and will be removed in a future version. Use isinstance(dtype, pd.CategoricalDtype) instead
  or pd.api.types.is_categorical_dtype(train_frame[column])
/home/user/bitoguard-hackathon/bitoguard_core/official/nested_hpo.py:260: DeprecationWarning: is_categorical_dtype is deprecated and will be removed in a future version. Use isinstance(dtype, pd.CategoricalDtype) instead
  or pd.api.types.is_categorical_dtype(train_frame[column])
/home/user/bitoguard-hackathon/bitoguard_core/official/nested_hpo.py:260: DeprecationWarning: is_categorical_dtype is deprecated and will be removed in a future version. Use isinstance(dtype, pd.CategoricalDtype) instead
  or pd.api.types.is_categorical_dtype(train_frame[column])
/home/user/bitoguard-hackathon/bitoguard_core/official/nested_hpo.py:260: DeprecationWarning: is_categorical_dtype is deprecated and will be removed in a future version. Use isinstance(dtype, pd.CategoricalDtype) instead
  or pd.api.types.is_categorical_dtype(train_frame[column])
/home/user/bitoguard-hackathon/bitoguard_core/official/nested_hpo.py:260: DeprecationWarning: is_categorical_dtype is deprecated and will be removed in a future version. Use isinstance(dtype, pd.CategoricalDtype) instead
  or pd.api.types.is_categorical_dtype(train_frame[column])
/home/user/bitoguard-hackathon/bitoguard_core/official/nested_hpo.py:260: DeprecationWarning: is_categorical_dtype is deprecated and will be removed in a future version. Use isinstance(dtype, pd.CategoricalDtype) instead
  or pd.api.types.is_categorical_dtype(train_frame[column])
/home/user/bitoguard-hackathon/bitoguard_core/official/nested_hpo.py:260: DeprecationWarning: is_categorical_dtype is deprecated and will be removed in a future version. Use isinstance(dtype, pd.CategoricalDtype) instead
  or pd.api.types.is_categorical_dtype(train_frame[column])
/home/user/bitoguard-hackathon/bitoguard_core/official/nested_hpo.py:260: DeprecationWarning: is_categorical_dtype is deprecated and will be removed in a future version. Use isinstance(dtype, pd.CategoricalDtype) instead
  or pd.api.types.is_categorical_dtype(train_frame[column])
/home/user/bitoguard-hackathon/bitoguard_core/official/nested_hpo.py:260: DeprecationWarning: is_categorical_dtype is deprecated and will be removed in a future version. Use isinstance(dtype, pd.CategoricalDtype) instead
  or pd.api.types.is_categorical_dtype(train_frame[column])
/home/user/bitoguard-hackathon/bitoguard_core/official/nested_hpo.py:260: DeprecationWarning: is_categorical_dtype is deprecated and will be removed in a future version. Use isinstance(dtype, pd.CategoricalDtype) instead
  or pd.api.types.is_categorical_dtype(train_frame[column])
/home/user/bitoguard-hackathon/bitoguard_core/official/nested_hpo.py:260: DeprecationWarning: is_categorical_dtype is deprecated and will be removed in a future version. Use isinstance(dtype, pd.CategoricalDtype) instead
  or pd.api.types.is_categorical_dtype(train_frame[column])
/home/user/bitoguard-hackathon/bitoguard_core/official/nested_hpo.py:260: DeprecationWarning: is_categorical_dtype is deprecated and will be removed in a future version. Use isinstance(dtype, pd.CategoricalDtype) instead
  or pd.api.types.is_categorical_dtype(train_frame[column])
/home/user/bitoguard-hackathon/bitoguard_core/official/nested_hpo.py:260: DeprecationWarning: is_categorical_dtype is deprecated and will be removed in a future version. Use isinstance(dtype, pd.CategoricalDtype) instead
  or pd.api.types.is_categorical_dtype(train_frame[column])
/home/user/bitoguard-hackathon/bitoguard_core/official/nested_hpo.py:260: DeprecationWarning: is_categorical_dtype is deprecated and will be removed in a future version. Use isinstance(dtype, pd.CategoricalDtype) instead
  or pd.api.types.is_categorical_dtype(train_frame[column])
[nested_hpo 14:23:53]   3a done: inner OOF 40813 rows (225s)
[nested_hpo 14:23:53]   3b: Final multi-seed training...
/home/user/bitoguard-hackathon/bitoguard_core/official/nested_hpo.py:260: DeprecationWarning: is_categorical_dtype is deprecated and will be removed in a future version. Use isinstance(dtype, pd.CategoricalDtype) instead
  or pd.api.types.is_categorical_dtype(train_frame[column])
/home/user/bitoguard-hackathon/bitoguard_core/official/nested_hpo.py:260: DeprecationWarning: is_categorical_dtype is deprecated and will be removed in a future version. Use isinstance(dtype, pd.CategoricalDtype) instead
  or pd.api.types.is_categorical_dtype(train_frame[column])
/home/user/bitoguard-hackathon/bitoguard_core/official/nested_hpo.py:260: DeprecationWarning: is_categorical_dtype is deprecated and will be removed in a future version. Use isinstance(dtype, pd.CategoricalDtype) instead
  or pd.api.types.is_categorical_dtype(train_frame[column])
/home/user/bitoguard-hackathon/bitoguard_core/official/nested_hpo.py:260: DeprecationWarning: is_categorical_dtype is deprecated and will be removed in a future version. Use isinstance(dtype, pd.CategoricalDtype) instead
  or pd.api.types.is_categorical_dtype(train_frame[column])
/home/user/bitoguard-hackathon/bitoguard_core/official/nested_hpo.py:260: DeprecationWarning: is_categorical_dtype is deprecated and will be removed in a future version. Use isinstance(dtype, pd.CategoricalDtype) instead
  or pd.api.types.is_categorical_dtype(train_frame[column])
[nested_hpo 14:24:42]   3b done (49s)
[nested_hpo 14:25:16] Stage 3 done: F1=0.3724 P=0.3669 R=0.3780 AP=0.3166 (308s)
[nested_hpo 14:25:16] Outer fold 0 done: F1=0.3724, total=1265s
[nested_hpo 14:25:16] ============================================================
[nested_hpo 14:25:16] Outer fold 1 starting
[nested_hpo 14:25:16] ============================================================
[nested_hpo 14:25:16] outer_train=40813, outer_valid=10204
[nested_hpo 14:25:16] Stage 1: Inner folds + pre-cache...
[nested_hpo 14:25:30]   Pre-cache inner fold 0...
/home/user/bitoguard-hackathon/bitoguard_core/official/nested_hpo.py:260: DeprecationWarning: is_categorical_dtype is deprecated and will be removed in a future version. Use isinstance(dtype, pd.CategoricalDtype) instead
  or pd.api.types.is_categorical_dtype(train_frame[column])
/home/user/bitoguard-hackathon/bitoguard_core/official/nested_hpo.py:260: DeprecationWarning: is_categorical_dtype is deprecated and will be removed in a future version. Use isinstance(dtype, pd.CategoricalDtype) instead
  or pd.api.types.is_categorical_dtype(train_frame[column])
[nested_hpo 14:25:37]   Pre-cache fold 0 done (7s)
[nested_hpo 14:25:37]   Pre-cache inner fold 1...
/home/user/bitoguard-hackathon/bitoguard_core/official/nested_hpo.py:260: DeprecationWarning: is_categorical_dtype is deprecated and will be removed in a future version. Use isinstance(dtype, pd.CategoricalDtype) instead
  or pd.api.types.is_categorical_dtype(train_frame[column])
/home/user/bitoguard-hackathon/bitoguard_core/official/nested_hpo.py:260: DeprecationWarning: is_categorical_dtype is deprecated and will be removed in a future version. Use isinstance(dtype, pd.CategoricalDtype) instead
  or pd.api.types.is_categorical_dtype(train_frame[column])
[nested_hpo 14:25:45]   Pre-cache fold 1 done (7s)
[nested_hpo 14:25:45]   Pre-cache inner fold 2...
/home/user/bitoguard-hackathon/bitoguard_core/official/nested_hpo.py:260: DeprecationWarning: is_categorical_dtype is deprecated and will be removed in a future version. Use isinstance(dtype, pd.CategoricalDtype) instead
  or pd.api.types.is_categorical_dtype(train_frame[column])
/home/user/bitoguard-hackathon/bitoguard_core/official/nested_hpo.py:260: DeprecationWarning: is_categorical_dtype is deprecated and will be removed in a future version. Use isinstance(dtype, pd.CategoricalDtype) instead
  or pd.api.types.is_categorical_dtype(train_frame[column])
[nested_hpo 14:25:52]   Pre-cache fold 2 done (7s)
[nested_hpo 14:25:52] Stage 1 done (36s)
[nested_hpo 14:25:52] Stage 2: Dual-stream HPO starting...
[nested_hpo 14:25:52]   [GPU] CatBoost HPO starting...
[nested_hpo 14:25:52]   [CPU] LightGBM HPO starting...
[nested_hpo 14:37:19]   [CPU] LightGBM HPO done: F1=0.3764 (25 trials, 12 pruned, 687s)
[nested_hpo 14:41:49]   [GPU] CatBoost HPO done: F1=0.3799 (25 trials, 12 pruned, 957s)
[nested_hpo 14:41:49]   [GPU] XGBoost HPO skipped — locked to default params
[nested_hpo 14:41:49] Stage 2 done (957s)
[nested_hpo 14:41:49] Stage 3: Final training starting...
[nested_hpo 14:41:49]   3a: Inner 5-fold OOF on outer_train...
/home/user/bitoguard-hackathon/bitoguard_core/official/nested_hpo.py:260: DeprecationWarning: is_categorical_dtype is deprecated and will be removed in a future version. Use isinstance(dtype, pd.CategoricalDtype) instead
  or pd.api.types.is_categorical_dtype(train_frame[column])
/home/user/bitoguard-hackathon/bitoguard_core/official/nested_hpo.py:260: DeprecationWarning: is_categorical_dtype is deprecated and will be removed in a future version. Use isinstance(dtype, pd.CategoricalDtype) instead
  or pd.api.types.is_categorical_dtype(train_frame[column])
/home/user/bitoguard-hackathon/bitoguard_core/official/nested_hpo.py:260: DeprecationWarning: is_categorical_dtype is deprecated and will be removed in a future version. Use isinstance(dtype, pd.CategoricalDtype) instead
  or pd.api.types.is_categorical_dtype(train_frame[column])
/home/user/bitoguard-hackathon/bitoguard_core/official/nested_hpo.py:260: DeprecationWarning: is_categorical_dtype is deprecated and will be removed in a future version. Use isinstance(dtype, pd.CategoricalDtype) instead
  or pd.api.types.is_categorical_dtype(train_frame[column])
/home/user/bitoguard-hackathon/bitoguard_core/official/nested_hpo.py:260: DeprecationWarning: is_categorical_dtype is deprecated and will be removed in a future version. Use isinstance(dtype, pd.CategoricalDtype) instead
  or pd.api.types.is_categorical_dtype(train_frame[column])
/home/user/bitoguard-hackathon/bitoguard_core/official/nested_hpo.py:260: DeprecationWarning: is_categorical_dtype is deprecated and will be removed in a future version. Use isinstance(dtype, pd.CategoricalDtype) instead
  or pd.api.types.is_categorical_dtype(train_frame[column])
/home/user/bitoguard-hackathon/bitoguard_core/official/nested_hpo.py:260: DeprecationWarning: is_categorical_dtype is deprecated and will be removed in a future version. Use isinstance(dtype, pd.CategoricalDtype) instead
  or pd.api.types.is_categorical_dtype(train_frame[column])
/home/user/bitoguard-hackathon/bitoguard_core/official/nested_hpo.py:260: DeprecationWarning: is_categorical_dtype is deprecated and will be removed in a future version. Use isinstance(dtype, pd.CategoricalDtype) instead
  or pd.api.types.is_categorical_dtype(train_frame[column])
/home/user/bitoguard-hackathon/bitoguard_core/official/nested_hpo.py:260: DeprecationWarning: is_categorical_dtype is deprecated and will be removed in a future version. Use isinstance(dtype, pd.CategoricalDtype) instead
  or pd.api.types.is_categorical_dtype(train_frame[column])
/home/user/bitoguard-hackathon/bitoguard_core/official/nested_hpo.py:260: DeprecationWarning: is_categorical_dtype is deprecated and will be removed in a future version. Use isinstance(dtype, pd.CategoricalDtype) instead
  or pd.api.types.is_categorical_dtype(train_frame[column])
/home/user/bitoguard-hackathon/bitoguard_core/official/nested_hpo.py:260: DeprecationWarning: is_categorical_dtype is deprecated and will be removed in a future version. Use isinstance(dtype, pd.CategoricalDtype) instead
  or pd.api.types.is_categorical_dtype(train_frame[column])
/home/user/bitoguard-hackathon/bitoguard_core/official/nested_hpo.py:260: DeprecationWarning: is_categorical_dtype is deprecated and will be removed in a future version. Use isinstance(dtype, pd.CategoricalDtype) instead
  or pd.api.types.is_categorical_dtype(train_frame[column])
/home/user/bitoguard-hackathon/bitoguard_core/official/nested_hpo.py:260: DeprecationWarning: is_categorical_dtype is deprecated and will be removed in a future version. Use isinstance(dtype, pd.CategoricalDtype) instead
  or pd.api.types.is_categorical_dtype(train_frame[column])
/home/user/bitoguard-hackathon/bitoguard_core/official/nested_hpo.py:260: DeprecationWarning: is_categorical_dtype is deprecated and will be removed in a future version. Use isinstance(dtype, pd.CategoricalDtype) instead
  or pd.api.types.is_categorical_dtype(train_frame[column])
/home/user/bitoguard-hackathon/bitoguard_core/official/nested_hpo.py:260: DeprecationWarning: is_categorical_dtype is deprecated and will be removed in a future version. Use isinstance(dtype, pd.CategoricalDtype) instead
  or pd.api.types.is_categorical_dtype(train_frame[column])
/home/user/bitoguard-hackathon/bitoguard_core/official/nested_hpo.py:260: DeprecationWarning: is_categorical_dtype is deprecated and will be removed in a future version. Use isinstance(dtype, pd.CategoricalDtype) instead
  or pd.api.types.is_categorical_dtype(train_frame[column])
/home/user/bitoguard-hackathon/bitoguard_core/official/nested_hpo.py:260: DeprecationWarning: is_categorical_dtype is deprecated and will be removed in a future version. Use isinstance(dtype, pd.CategoricalDtype) instead
  or pd.api.types.is_categorical_dtype(train_frame[column])
/home/user/bitoguard-hackathon/bitoguard_core/official/nested_hpo.py:260: DeprecationWarning: is_categorical_dtype is deprecated and will be removed in a future version. Use isinstance(dtype, pd.CategoricalDtype) instead
  or pd.api.types.is_categorical_dtype(train_frame[column])
/home/user/bitoguard-hackathon/bitoguard_core/official/nested_hpo.py:260: DeprecationWarning: is_categorical_dtype is deprecated and will be removed in a future version. Use isinstance(dtype, pd.CategoricalDtype) instead
  or pd.api.types.is_categorical_dtype(train_frame[column])
/home/user/bitoguard-hackathon/bitoguard_core/official/nested_hpo.py:260: DeprecationWarning: is_categorical_dtype is deprecated and will be removed in a future version. Use isinstance(dtype, pd.CategoricalDtype) instead
  or pd.api.types.is_categorical_dtype(train_frame[column])
/home/user/bitoguard-hackathon/bitoguard_core/official/nested_hpo.py:260: DeprecationWarning: is_categorical_dtype is deprecated and will be removed in a future version. Use isinstance(dtype, pd.CategoricalDtype) instead
  or pd.api.types.is_categorical_dtype(train_frame[column])
/home/user/bitoguard-hackathon/bitoguard_core/official/nested_hpo.py:260: DeprecationWarning: is_categorical_dtype is deprecated and will be removed in a future version. Use isinstance(dtype, pd.CategoricalDtype) instead
  or pd.api.types.is_categorical_dtype(train_frame[column])
/home/user/bitoguard-hackathon/bitoguard_core/official/nested_hpo.py:260: DeprecationWarning: is_categorical_dtype is deprecated and will be removed in a future version. Use isinstance(dtype, pd.CategoricalDtype) instead
  or pd.api.types.is_categorical_dtype(train_frame[column])
/home/user/bitoguard-hackathon/bitoguard_core/official/nested_hpo.py:260: DeprecationWarning: is_categorical_dtype is deprecated and will be removed in a future version. Use isinstance(dtype, pd.CategoricalDtype) instead
  or pd.api.types.is_categorical_dtype(train_frame[column])
/home/user/bitoguard-hackathon/bitoguard_core/official/nested_hpo.py:260: DeprecationWarning: is_categorical_dtype is deprecated and will be removed in a future version. Use isinstance(dtype, pd.CategoricalDtype) instead
  or pd.api.types.is_categorical_dtype(train_frame[column])
[nested_hpo 14:45:13]   3a done: inner OOF 40813 rows (204s)
[nested_hpo 14:45:13]   3b: Final multi-seed training...
/home/user/bitoguard-hackathon/bitoguard_core/official/nested_hpo.py:260: DeprecationWarning: is_categorical_dtype is deprecated and will be removed in a future version. Use isinstance(dtype, pd.CategoricalDtype) instead
  or pd.api.types.is_categorical_dtype(train_frame[column])
/home/user/bitoguard-hackathon/bitoguard_core/official/nested_hpo.py:260: DeprecationWarning: is_categorical_dtype is deprecated and will be removed in a future version. Use isinstance(dtype, pd.CategoricalDtype) instead
  or pd.api.types.is_categorical_dtype(train_frame[column])
/home/user/bitoguard-hackathon/bitoguard_core/official/nested_hpo.py:260: DeprecationWarning: is_categorical_dtype is deprecated and will be removed in a future version. Use isinstance(dtype, pd.CategoricalDtype) instead
  or pd.api.types.is_categorical_dtype(train_frame[column])
/home/user/bitoguard-hackathon/bitoguard_core/official/nested_hpo.py:260: DeprecationWarning: is_categorical_dtype is deprecated and will be removed in a future version. Use isinstance(dtype, pd.CategoricalDtype) instead
  or pd.api.types.is_categorical_dtype(train_frame[column])
/home/user/bitoguard-hackathon/bitoguard_core/official/nested_hpo.py:260: DeprecationWarning: is_categorical_dtype is deprecated and will be removed in a future version. Use isinstance(dtype, pd.CategoricalDtype) instead
  or pd.api.types.is_categorical_dtype(train_frame[column])
[nested_hpo 14:45:55]   3b done (42s)
[nested_hpo 14:46:29] Stage 3 done: F1=0.3720 P=0.3437 R=0.4055 AP=0.3257 (280s)
[nested_hpo 14:46:29] Outer fold 1 done: F1=0.3720, total=1273s
[nested_hpo 14:46:29] ============================================================
[nested_hpo 14:46:29] Outer fold 2 starting
[nested_hpo 14:46:29] ============================================================
[nested_hpo 14:46:29] outer_train=40814, outer_valid=10203
[nested_hpo 14:46:29] Stage 1: Inner folds + pre-cache...
[nested_hpo 14:46:43]   Pre-cache inner fold 0...
/home/user/bitoguard-hackathon/bitoguard_core/official/nested_hpo.py:260: DeprecationWarning: is_categorical_dtype is deprecated and will be removed in a future version. Use isinstance(dtype, pd.CategoricalDtype) instead
  or pd.api.types.is_categorical_dtype(train_frame[column])
/home/user/bitoguard-hackathon/bitoguard_core/official/nested_hpo.py:260: DeprecationWarning: is_categorical_dtype is deprecated and will be removed in a future version. Use isinstance(dtype, pd.CategoricalDtype) instead
  or pd.api.types.is_categorical_dtype(train_frame[column])
[nested_hpo 14:46:50]   Pre-cache fold 0 done (7s)
[nested_hpo 14:46:50]   Pre-cache inner fold 1...
/home/user/bitoguard-hackathon/bitoguard_core/official/nested_hpo.py:260: DeprecationWarning: is_categorical_dtype is deprecated and will be removed in a future version. Use isinstance(dtype, pd.CategoricalDtype) instead
  or pd.api.types.is_categorical_dtype(train_frame[column])
/home/user/bitoguard-hackathon/bitoguard_core/official/nested_hpo.py:260: DeprecationWarning: is_categorical_dtype is deprecated and will be removed in a future version. Use isinstance(dtype, pd.CategoricalDtype) instead
  or pd.api.types.is_categorical_dtype(train_frame[column])
[nested_hpo 14:46:58]   Pre-cache fold 1 done (8s)
[nested_hpo 14:46:58]   Pre-cache inner fold 2...
/home/user/bitoguard-hackathon/bitoguard_core/official/nested_hpo.py:260: DeprecationWarning: is_categorical_dtype is deprecated and will be removed in a future version. Use isinstance(dtype, pd.CategoricalDtype) instead
  or pd.api.types.is_categorical_dtype(train_frame[column])
/home/user/bitoguard-hackathon/bitoguard_core/official/nested_hpo.py:260: DeprecationWarning: is_categorical_dtype is deprecated and will be removed in a future version. Use isinstance(dtype, pd.CategoricalDtype) instead
  or pd.api.types.is_categorical_dtype(train_frame[column])
[nested_hpo 14:47:06]   Pre-cache fold 2 done (7s)
[nested_hpo 14:47:06] Stage 1 done (36s)
[nested_hpo 14:47:06] Stage 2: Dual-stream HPO starting...
[nested_hpo 14:47:06]   [GPU] CatBoost HPO starting...
[nested_hpo 14:47:06]   [CPU] LightGBM HPO starting...
[nested_hpo 14:59:01]   [GPU] CatBoost HPO done: F1=0.3792 (25 trials, 16 pruned, 715s)
[nested_hpo 14:59:40]   [CPU] LightGBM HPO done: F1=0.3769 (25 trials, 13 pruned, 755s)
[nested_hpo 14:59:40]   [GPU] XGBoost HPO skipped — locked to default params
[nested_hpo 14:59:40] Stage 2 done (755s)
[nested_hpo 14:59:40] Stage 3: Final training starting...
[nested_hpo 14:59:40]   3a: Inner 5-fold OOF on outer_train...
/home/user/bitoguard-hackathon/bitoguard_core/official/nested_hpo.py:260: DeprecationWarning: is_categorical_dtype is deprecated and will be removed in a future version. Use isinstance(dtype, pd.CategoricalDtype) instead
  or pd.api.types.is_categorical_dtype(train_frame[column])
/home/user/bitoguard-hackathon/bitoguard_core/official/nested_hpo.py:260: DeprecationWarning: is_categorical_dtype is deprecated and will be removed in a future version. Use isinstance(dtype, pd.CategoricalDtype) instead
  or pd.api.types.is_categorical_dtype(train_frame[column])
/home/user/bitoguard-hackathon/bitoguard_core/official/nested_hpo.py:260: DeprecationWarning: is_categorical_dtype is deprecated and will be removed in a future version. Use isinstance(dtype, pd.CategoricalDtype) instead
  or pd.api.types.is_categorical_dtype(train_frame[column])
/home/user/bitoguard-hackathon/bitoguard_core/official/nested_hpo.py:260: DeprecationWarning: is_categorical_dtype is deprecated and will be removed in a future version. Use isinstance(dtype, pd.CategoricalDtype) instead
  or pd.api.types.is_categorical_dtype(train_frame[column])
/home/user/bitoguard-hackathon/bitoguard_core/official/nested_hpo.py:260: DeprecationWarning: is_categorical_dtype is deprecated and will be removed in a future version. Use isinstance(dtype, pd.CategoricalDtype) instead
  or pd.api.types.is_categorical_dtype(train_frame[column])
/home/user/bitoguard-hackathon/bitoguard_core/official/nested_hpo.py:260: DeprecationWarning: is_categorical_dtype is deprecated and will be removed in a future version. Use isinstance(dtype, pd.CategoricalDtype) instead
  or pd.api.types.is_categorical_dtype(train_frame[column])
/home/user/bitoguard-hackathon/bitoguard_core/official/nested_hpo.py:260: DeprecationWarning: is_categorical_dtype is deprecated and will be removed in a future version. Use isinstance(dtype, pd.CategoricalDtype) instead
  or pd.api.types.is_categorical_dtype(train_frame[column])
/home/user/bitoguard-hackathon/bitoguard_core/official/nested_hpo.py:260: DeprecationWarning: is_categorical_dtype is deprecated and will be removed in a future version. Use isinstance(dtype, pd.CategoricalDtype) instead
  or pd.api.types.is_categorical_dtype(train_frame[column])
/home/user/bitoguard-hackathon/bitoguard_core/official/nested_hpo.py:260: DeprecationWarning: is_categorical_dtype is deprecated and will be removed in a future version. Use isinstance(dtype, pd.CategoricalDtype) instead
  or pd.api.types.is_categorical_dtype(train_frame[column])
/home/user/bitoguard-hackathon/bitoguard_core/official/nested_hpo.py:260: DeprecationWarning: is_categorical_dtype is deprecated and will be removed in a future version. Use isinstance(dtype, pd.CategoricalDtype) instead
  or pd.api.types.is_categorical_dtype(train_frame[column])
/home/user/bitoguard-hackathon/bitoguard_core/official/nested_hpo.py:260: DeprecationWarning: is_categorical_dtype is deprecated and will be removed in a future version. Use isinstance(dtype, pd.CategoricalDtype) instead
  or pd.api.types.is_categorical_dtype(train_frame[column])
/home/user/bitoguard-hackathon/bitoguard_core/official/nested_hpo.py:260: DeprecationWarning: is_categorical_dtype is deprecated and will be removed in a future version. Use isinstance(dtype, pd.CategoricalDtype) instead
  or pd.api.types.is_categorical_dtype(train_frame[column])
/home/user/bitoguard-hackathon/bitoguard_core/official/nested_hpo.py:260: DeprecationWarning: is_categorical_dtype is deprecated and will be removed in a future version. Use isinstance(dtype, pd.CategoricalDtype) instead
  or pd.api.types.is_categorical_dtype(train_frame[column])
/home/user/bitoguard-hackathon/bitoguard_core/official/nested_hpo.py:260: DeprecationWarning: is_categorical_dtype is deprecated and will be removed in a future version. Use isinstance(dtype, pd.CategoricalDtype) instead
  or pd.api.types.is_categorical_dtype(train_frame[column])
/home/user/bitoguard-hackathon/bitoguard_core/official/nested_hpo.py:260: DeprecationWarning: is_categorical_dtype is deprecated and will be removed in a future version. Use isinstance(dtype, pd.CategoricalDtype) instead
  or pd.api.types.is_categorical_dtype(train_frame[column])
/home/user/bitoguard-hackathon/bitoguard_core/official/nested_hpo.py:260: DeprecationWarning: is_categorical_dtype is deprecated and will be removed in a future version. Use isinstance(dtype, pd.CategoricalDtype) instead
  or pd.api.types.is_categorical_dtype(train_frame[column])
/home/user/bitoguard-hackathon/bitoguard_core/official/nested_hpo.py:260: DeprecationWarning: is_categorical_dtype is deprecated and will be removed in a future version. Use isinstance(dtype, pd.CategoricalDtype) instead
  or pd.api.types.is_categorical_dtype(train_frame[column])
/home/user/bitoguard-hackathon/bitoguard_core/official/nested_hpo.py:260: DeprecationWarning: is_categorical_dtype is deprecated and will be removed in a future version. Use isinstance(dtype, pd.CategoricalDtype) instead
  or pd.api.types.is_categorical_dtype(train_frame[column])
/home/user/bitoguard-hackathon/bitoguard_core/official/nested_hpo.py:260: DeprecationWarning: is_categorical_dtype is deprecated and will be removed in a future version. Use isinstance(dtype, pd.CategoricalDtype) instead
  or pd.api.types.is_categorical_dtype(train_frame[column])
/home/user/bitoguard-hackathon/bitoguard_core/official/nested_hpo.py:260: DeprecationWarning: is_categorical_dtype is deprecated and will be removed in a future version. Use isinstance(dtype, pd.CategoricalDtype) instead
  or pd.api.types.is_categorical_dtype(train_frame[column])
/home/user/bitoguard-hackathon/bitoguard_core/official/nested_hpo.py:260: DeprecationWarning: is_categorical_dtype is deprecated and will be removed in a future version. Use isinstance(dtype, pd.CategoricalDtype) instead
  or pd.api.types.is_categorical_dtype(train_frame[column])
/home/user/bitoguard-hackathon/bitoguard_core/official/nested_hpo.py:260: DeprecationWarning: is_categorical_dtype is deprecated and will be removed in a future version. Use isinstance(dtype, pd.CategoricalDtype) instead
  or pd.api.types.is_categorical_dtype(train_frame[column])
/home/user/bitoguard-hackathon/bitoguard_core/official/nested_hpo.py:260: DeprecationWarning: is_categorical_dtype is deprecated and will be removed in a future version. Use isinstance(dtype, pd.CategoricalDtype) instead
  or pd.api.types.is_categorical_dtype(train_frame[column])
/home/user/bitoguard-hackathon/bitoguard_core/official/nested_hpo.py:260: DeprecationWarning: is_categorical_dtype is deprecated and will be removed in a future version. Use isinstance(dtype, pd.CategoricalDtype) instead
  or pd.api.types.is_categorical_dtype(train_frame[column])
/home/user/bitoguard-hackathon/bitoguard_core/official/nested_hpo.py:260: DeprecationWarning: is_categorical_dtype is deprecated and will be removed in a future version. Use isinstance(dtype, pd.CategoricalDtype) instead
  or pd.api.types.is_categorical_dtype(train_frame[column])
[nested_hpo 15:03:51]   3a done: inner OOF 40814 rows (251s)
[nested_hpo 15:03:51]   3b: Final multi-seed training...
/home/user/bitoguard-hackathon/bitoguard_core/official/nested_hpo.py:260: DeprecationWarning: is_categorical_dtype is deprecated and will be removed in a future version. Use isinstance(dtype, pd.CategoricalDtype) instead
  or pd.api.types.is_categorical_dtype(train_frame[column])
/home/user/bitoguard-hackathon/bitoguard_core/official/nested_hpo.py:260: DeprecationWarning: is_categorical_dtype is deprecated and will be removed in a future version. Use isinstance(dtype, pd.CategoricalDtype) instead
  or pd.api.types.is_categorical_dtype(train_frame[column])
/home/user/bitoguard-hackathon/bitoguard_core/official/nested_hpo.py:260: DeprecationWarning: is_categorical_dtype is deprecated and will be removed in a future version. Use isinstance(dtype, pd.CategoricalDtype) instead
  or pd.api.types.is_categorical_dtype(train_frame[column])
/home/user/bitoguard-hackathon/bitoguard_core/official/nested_hpo.py:260: DeprecationWarning: is_categorical_dtype is deprecated and will be removed in a future version. Use isinstance(dtype, pd.CategoricalDtype) instead
  or pd.api.types.is_categorical_dtype(train_frame[column])
/home/user/bitoguard-hackathon/bitoguard_core/official/nested_hpo.py:260: DeprecationWarning: is_categorical_dtype is deprecated and will be removed in a future version. Use isinstance(dtype, pd.CategoricalDtype) instead
  or pd.api.types.is_categorical_dtype(train_frame[column])
[nested_hpo 15:04:43]   3b done (52s)
[nested_hpo 15:05:17] Stage 3 done: F1=0.3644 P=0.3545 R=0.3750 AP=0.3286 (337s)
[nested_hpo 15:05:18] Outer fold 2 done: F1=0.3644, total=1128s
[nested_hpo 15:05:18] ============================================================
[nested_hpo 15:05:18] Outer fold 3 starting
[nested_hpo 15:05:18] ============================================================
[nested_hpo 15:05:18] outer_train=40814, outer_valid=10203
[nested_hpo 15:05:18] Stage 1: Inner folds + pre-cache...
[nested_hpo 15:05:32]   Pre-cache inner fold 0...
/home/user/bitoguard-hackathon/bitoguard_core/official/nested_hpo.py:260: DeprecationWarning: is_categorical_dtype is deprecated and will be removed in a future version. Use isinstance(dtype, pd.CategoricalDtype) instead
  or pd.api.types.is_categorical_dtype(train_frame[column])
/home/user/bitoguard-hackathon/bitoguard_core/official/nested_hpo.py:260: DeprecationWarning: is_categorical_dtype is deprecated and will be removed in a future version. Use isinstance(dtype, pd.CategoricalDtype) instead
  or pd.api.types.is_categorical_dtype(train_frame[column])
[nested_hpo 15:05:39]   Pre-cache fold 0 done (7s)
[nested_hpo 15:05:39]   Pre-cache inner fold 1...
/home/user/bitoguard-hackathon/bitoguard_core/official/nested_hpo.py:260: DeprecationWarning: is_categorical_dtype is deprecated and will be removed in a future version. Use isinstance(dtype, pd.CategoricalDtype) instead
  or pd.api.types.is_categorical_dtype(train_frame[column])
/home/user/bitoguard-hackathon/bitoguard_core/official/nested_hpo.py:260: DeprecationWarning: is_categorical_dtype is deprecated and will be removed in a future version. Use isinstance(dtype, pd.CategoricalDtype) instead
  or pd.api.types.is_categorical_dtype(train_frame[column])
[nested_hpo 15:05:47]   Pre-cache fold 1 done (9s)
[nested_hpo 15:05:47]   Pre-cache inner fold 2...
/home/user/bitoguard-hackathon/bitoguard_core/official/nested_hpo.py:260: DeprecationWarning: is_categorical_dtype is deprecated and will be removed in a future version. Use isinstance(dtype, pd.CategoricalDtype) instead
  or pd.api.types.is_categorical_dtype(train_frame[column])
/home/user/bitoguard-hackathon/bitoguard_core/official/nested_hpo.py:260: DeprecationWarning: is_categorical_dtype is deprecated and will be removed in a future version. Use isinstance(dtype, pd.CategoricalDtype) instead
  or pd.api.types.is_categorical_dtype(train_frame[column])
[nested_hpo 15:05:55]   Pre-cache fold 2 done (7s)
[nested_hpo 15:05:55] Stage 1 done (37s)
[nested_hpo 15:05:55] Stage 2: Dual-stream HPO starting...
[nested_hpo 15:05:55]   [GPU] CatBoost HPO starting...
[nested_hpo 15:05:55]   [CPU] LightGBM HPO starting...
[nested_hpo 15:17:55]   [GPU] CatBoost HPO done: F1=0.3892 (25 trials, 17 pruned, 720s)
[nested_hpo 15:18:19]   [CPU] LightGBM HPO done: F1=0.3920 (25 trials, 11 pruned, 745s)
[nested_hpo 15:18:19]   [GPU] XGBoost HPO skipped — locked to default params
[nested_hpo 15:18:19] Stage 2 done (745s)
[nested_hpo 15:18:19] Stage 3: Final training starting...
[nested_hpo 15:18:19]   3a: Inner 5-fold OOF on outer_train...
/home/user/bitoguard-hackathon/bitoguard_core/official/nested_hpo.py:260: DeprecationWarning: is_categorical_dtype is deprecated and will be removed in a future version. Use isinstance(dtype, pd.CategoricalDtype) instead
  or pd.api.types.is_categorical_dtype(train_frame[column])
/home/user/bitoguard-hackathon/bitoguard_core/official/nested_hpo.py:260: DeprecationWarning: is_categorical_dtype is deprecated and will be removed in a future version. Use isinstance(dtype, pd.CategoricalDtype) instead
  or pd.api.types.is_categorical_dtype(train_frame[column])
/home/user/bitoguard-hackathon/bitoguard_core/official/nested_hpo.py:260: DeprecationWarning: is_categorical_dtype is deprecated and will be removed in a future version. Use isinstance(dtype, pd.CategoricalDtype) instead
  or pd.api.types.is_categorical_dtype(train_frame[column])
/home/user/bitoguard-hackathon/bitoguard_core/official/nested_hpo.py:260: DeprecationWarning: is_categorical_dtype is deprecated and will be removed in a future version. Use isinstance(dtype, pd.CategoricalDtype) instead
  or pd.api.types.is_categorical_dtype(train_frame[column])
/home/user/bitoguard-hackathon/bitoguard_core/official/nested_hpo.py:260: DeprecationWarning: is_categorical_dtype is deprecated and will be removed in a future version. Use isinstance(dtype, pd.CategoricalDtype) instead
  or pd.api.types.is_categorical_dtype(train_frame[column])
/home/user/bitoguard-hackathon/bitoguard_core/official/nested_hpo.py:260: DeprecationWarning: is_categorical_dtype is deprecated and will be removed in a future version. Use isinstance(dtype, pd.CategoricalDtype) instead
  or pd.api.types.is_categorical_dtype(train_frame[column])
/home/user/bitoguard-hackathon/bitoguard_core/official/nested_hpo.py:260: DeprecationWarning: is_categorical_dtype is deprecated and will be removed in a future version. Use isinstance(dtype, pd.CategoricalDtype) instead
  or pd.api.types.is_categorical_dtype(train_frame[column])
/home/user/bitoguard-hackathon/bitoguard_core/official/nested_hpo.py:260: DeprecationWarning: is_categorical_dtype is deprecated and will be removed in a future version. Use isinstance(dtype, pd.CategoricalDtype) instead
  or pd.api.types.is_categorical_dtype(train_frame[column])
/home/user/bitoguard-hackathon/bitoguard_core/official/nested_hpo.py:260: DeprecationWarning: is_categorical_dtype is deprecated and will be removed in a future version. Use isinstance(dtype, pd.CategoricalDtype) instead
  or pd.api.types.is_categorical_dtype(train_frame[column])
/home/user/bitoguard-hackathon/bitoguard_core/official/nested_hpo.py:260: DeprecationWarning: is_categorical_dtype is deprecated and will be removed in a future version. Use isinstance(dtype, pd.CategoricalDtype) instead
  or pd.api.types.is_categorical_dtype(train_frame[column])
/home/user/bitoguard-hackathon/bitoguard_core/official/nested_hpo.py:260: DeprecationWarning: is_categorical_dtype is deprecated and will be removed in a future version. Use isinstance(dtype, pd.CategoricalDtype) instead
  or pd.api.types.is_categorical_dtype(train_frame[column])
/home/user/bitoguard-hackathon/bitoguard_core/official/nested_hpo.py:260: DeprecationWarning: is_categorical_dtype is deprecated and will be removed in a future version. Use isinstance(dtype, pd.CategoricalDtype) instead
  or pd.api.types.is_categorical_dtype(train_frame[column])
/home/user/bitoguard-hackathon/bitoguard_core/official/nested_hpo.py:260: DeprecationWarning: is_categorical_dtype is deprecated and will be removed in a future version. Use isinstance(dtype, pd.CategoricalDtype) instead
  or pd.api.types.is_categorical_dtype(train_frame[column])
/home/user/bitoguard-hackathon/bitoguard_core/official/nested_hpo.py:260: DeprecationWarning: is_categorical_dtype is deprecated and will be removed in a future version. Use isinstance(dtype, pd.CategoricalDtype) instead
  or pd.api.types.is_categorical_dtype(train_frame[column])
/home/user/bitoguard-hackathon/bitoguard_core/official/nested_hpo.py:260: DeprecationWarning: is_categorical_dtype is deprecated and will be removed in a future version. Use isinstance(dtype, pd.CategoricalDtype) instead
  or pd.api.types.is_categorical_dtype(train_frame[column])
/home/user/bitoguard-hackathon/bitoguard_core/official/nested_hpo.py:260: DeprecationWarning: is_categorical_dtype is deprecated and will be removed in a future version. Use isinstance(dtype, pd.CategoricalDtype) instead
  or pd.api.types.is_categorical_dtype(train_frame[column])
/home/user/bitoguard-hackathon/bitoguard_core/official/nested_hpo.py:260: DeprecationWarning: is_categorical_dtype is deprecated and will be removed in a future version. Use isinstance(dtype, pd.CategoricalDtype) instead
  or pd.api.types.is_categorical_dtype(train_frame[column])
/home/user/bitoguard-hackathon/bitoguard_core/official/nested_hpo.py:260: DeprecationWarning: is_categorical_dtype is deprecated and will be removed in a future version. Use isinstance(dtype, pd.CategoricalDtype) instead
  or pd.api.types.is_categorical_dtype(train_frame[column])
/home/user/bitoguard-hackathon/bitoguard_core/official/nested_hpo.py:260: DeprecationWarning: is_categorical_dtype is deprecated and will be removed in a future version. Use isinstance(dtype, pd.CategoricalDtype) instead
  or pd.api.types.is_categorical_dtype(train_frame[column])
/home/user/bitoguard-hackathon/bitoguard_core/official/nested_hpo.py:260: DeprecationWarning: is_categorical_dtype is deprecated and will be removed in a future version. Use isinstance(dtype, pd.CategoricalDtype) instead
  or pd.api.types.is_categorical_dtype(train_frame[column])
/home/user/bitoguard-hackathon/bitoguard_core/official/nested_hpo.py:260: DeprecationWarning: is_categorical_dtype is deprecated and will be removed in a future version. Use isinstance(dtype, pd.CategoricalDtype) instead
  or pd.api.types.is_categorical_dtype(train_frame[column])
/home/user/bitoguard-hackathon/bitoguard_core/official/nested_hpo.py:260: DeprecationWarning: is_categorical_dtype is deprecated and will be removed in a future version. Use isinstance(dtype, pd.CategoricalDtype) instead
  or pd.api.types.is_categorical_dtype(train_frame[column])
/home/user/bitoguard-hackathon/bitoguard_core/official/nested_hpo.py:260: DeprecationWarning: is_categorical_dtype is deprecated and will be removed in a future version. Use isinstance(dtype, pd.CategoricalDtype) instead
  or pd.api.types.is_categorical_dtype(train_frame[column])
/home/user/bitoguard-hackathon/bitoguard_core/official/nested_hpo.py:260: DeprecationWarning: is_categorical_dtype is deprecated and will be removed in a future version. Use isinstance(dtype, pd.CategoricalDtype) instead
  or pd.api.types.is_categorical_dtype(train_frame[column])
/home/user/bitoguard-hackathon/bitoguard_core/official/nested_hpo.py:260: DeprecationWarning: is_categorical_dtype is deprecated and will be removed in a future version. Use isinstance(dtype, pd.CategoricalDtype) instead
  or pd.api.types.is_categorical_dtype(train_frame[column])
[nested_hpo 15:21:14]   3a done: inner OOF 40814 rows (175s)
[nested_hpo 15:21:14]   3b: Final multi-seed training...
/home/user/bitoguard-hackathon/bitoguard_core/official/nested_hpo.py:260: DeprecationWarning: is_categorical_dtype is deprecated and will be removed in a future version. Use isinstance(dtype, pd.CategoricalDtype) instead
  or pd.api.types.is_categorical_dtype(train_frame[column])
/home/user/bitoguard-hackathon/bitoguard_core/official/nested_hpo.py:260: DeprecationWarning: is_categorical_dtype is deprecated and will be removed in a future version. Use isinstance(dtype, pd.CategoricalDtype) instead
  or pd.api.types.is_categorical_dtype(train_frame[column])
/home/user/bitoguard-hackathon/bitoguard_core/official/nested_hpo.py:260: DeprecationWarning: is_categorical_dtype is deprecated and will be removed in a future version. Use isinstance(dtype, pd.CategoricalDtype) instead
  or pd.api.types.is_categorical_dtype(train_frame[column])
/home/user/bitoguard-hackathon/bitoguard_core/official/nested_hpo.py:260: DeprecationWarning: is_categorical_dtype is deprecated and will be removed in a future version. Use isinstance(dtype, pd.CategoricalDtype) instead
  or pd.api.types.is_categorical_dtype(train_frame[column])
/home/user/bitoguard-hackathon/bitoguard_core/official/nested_hpo.py:260: DeprecationWarning: is_categorical_dtype is deprecated and will be removed in a future version. Use isinstance(dtype, pd.CategoricalDtype) instead
  or pd.api.types.is_categorical_dtype(train_frame[column])
[nested_hpo 15:21:53]   3b done (39s)
[nested_hpo 15:22:26] Stage 3 done: F1=0.3469 P=0.2982 R=0.4146 AP=0.2913 (247s)
[nested_hpo 15:22:26] Outer fold 3 done: F1=0.3469, total=1029s
[nested_hpo 15:22:26] ============================================================
[nested_hpo 15:22:26] Outer fold 4 starting
[nested_hpo 15:22:26] ============================================================
[nested_hpo 15:22:26] outer_train=40814, outer_valid=10203
[nested_hpo 15:22:26] Stage 1: Inner folds + pre-cache...
[nested_hpo 15:22:40]   Pre-cache inner fold 0...
/home/user/bitoguard-hackathon/bitoguard_core/official/nested_hpo.py:260: DeprecationWarning: is_categorical_dtype is deprecated and will be removed in a future version. Use isinstance(dtype, pd.CategoricalDtype) instead
  or pd.api.types.is_categorical_dtype(train_frame[column])
/home/user/bitoguard-hackathon/bitoguard_core/official/nested_hpo.py:260: DeprecationWarning: is_categorical_dtype is deprecated and will be removed in a future version. Use isinstance(dtype, pd.CategoricalDtype) instead
  or pd.api.types.is_categorical_dtype(train_frame[column])
[nested_hpo 15:22:48]   Pre-cache fold 0 done (8s)
[nested_hpo 15:22:48]   Pre-cache inner fold 1...
/home/user/bitoguard-hackathon/bitoguard_core/official/nested_hpo.py:260: DeprecationWarning: is_categorical_dtype is deprecated and will be removed in a future version. Use isinstance(dtype, pd.CategoricalDtype) instead
  or pd.api.types.is_categorical_dtype(train_frame[column])
/home/user/bitoguard-hackathon/bitoguard_core/official/nested_hpo.py:260: DeprecationWarning: is_categorical_dtype is deprecated and will be removed in a future version. Use isinstance(dtype, pd.CategoricalDtype) instead
  or pd.api.types.is_categorical_dtype(train_frame[column])
[nested_hpo 15:22:55]   Pre-cache fold 1 done (8s)
[nested_hpo 15:22:55]   Pre-cache inner fold 2...
/home/user/bitoguard-hackathon/bitoguard_core/official/nested_hpo.py:260: DeprecationWarning: is_categorical_dtype is deprecated and will be removed in a future version. Use isinstance(dtype, pd.CategoricalDtype) instead
  or pd.api.types.is_categorical_dtype(train_frame[column])
/home/user/bitoguard-hackathon/bitoguard_core/official/nested_hpo.py:260: DeprecationWarning: is_categorical_dtype is deprecated and will be removed in a future version. Use isinstance(dtype, pd.CategoricalDtype) instead
  or pd.api.types.is_categorical_dtype(train_frame[column])
[nested_hpo 15:23:03]   Pre-cache fold 2 done (8s)
[nested_hpo 15:23:03] Stage 1 done (37s)
[nested_hpo 15:23:03] Stage 2: Dual-stream HPO starting...
[nested_hpo 15:23:03]   [GPU] CatBoost HPO starting...
[nested_hpo 15:23:03]   [CPU] LightGBM HPO starting...
[nested_hpo 15:33:06]   [CPU] LightGBM HPO done: F1=0.3857 (25 trials, 16 pruned, 603s)
[nested_hpo 15:41:43]   [GPU] CatBoost HPO done: F1=0.3914 (25 trials, 10 pruned, 1120s)
[nested_hpo 15:41:44]   [GPU] XGBoost HPO skipped — locked to default params
[nested_hpo 15:41:44] Stage 2 done (1120s)
[nested_hpo 15:41:44] Stage 3: Final training starting...
[nested_hpo 15:41:44]   3a: Inner 5-fold OOF on outer_train...
/home/user/bitoguard-hackathon/bitoguard_core/official/nested_hpo.py:260: DeprecationWarning: is_categorical_dtype is deprecated and will be removed in a future version. Use isinstance(dtype, pd.CategoricalDtype) instead
  or pd.api.types.is_categorical_dtype(train_frame[column])
/home/user/bitoguard-hackathon/bitoguard_core/official/nested_hpo.py:260: DeprecationWarning: is_categorical_dtype is deprecated and will be removed in a future version. Use isinstance(dtype, pd.CategoricalDtype) instead
  or pd.api.types.is_categorical_dtype(train_frame[column])
/home/user/bitoguard-hackathon/bitoguard_core/official/nested_hpo.py:260: DeprecationWarning: is_categorical_dtype is deprecated and will be removed in a future version. Use isinstance(dtype, pd.CategoricalDtype) instead
  or pd.api.types.is_categorical_dtype(train_frame[column])
/home/user/bitoguard-hackathon/bitoguard_core/official/nested_hpo.py:260: DeprecationWarning: is_categorical_dtype is deprecated and will be removed in a future version. Use isinstance(dtype, pd.CategoricalDtype) instead
  or pd.api.types.is_categorical_dtype(train_frame[column])
/home/user/bitoguard-hackathon/bitoguard_core/official/nested_hpo.py:260: DeprecationWarning: is_categorical_dtype is deprecated and will be removed in a future version. Use isinstance(dtype, pd.CategoricalDtype) instead
  or pd.api.types.is_categorical_dtype(train_frame[column])
/home/user/bitoguard-hackathon/bitoguard_core/official/nested_hpo.py:260: DeprecationWarning: is_categorical_dtype is deprecated and will be removed in a future version. Use isinstance(dtype, pd.CategoricalDtype) instead
  or pd.api.types.is_categorical_dtype(train_frame[column])
/home/user/bitoguard-hackathon/bitoguard_core/official/nested_hpo.py:260: DeprecationWarning: is_categorical_dtype is deprecated and will be removed in a future version. Use isinstance(dtype, pd.CategoricalDtype) instead
  or pd.api.types.is_categorical_dtype(train_frame[column])
/home/user/bitoguard-hackathon/bitoguard_core/official/nested_hpo.py:260: DeprecationWarning: is_categorical_dtype is deprecated and will be removed in a future version. Use isinstance(dtype, pd.CategoricalDtype) instead
  or pd.api.types.is_categorical_dtype(train_frame[column])
/home/user/bitoguard-hackathon/bitoguard_core/official/nested_hpo.py:260: DeprecationWarning: is_categorical_dtype is deprecated and will be removed in a future version. Use isinstance(dtype, pd.CategoricalDtype) instead
  or pd.api.types.is_categorical_dtype(train_frame[column])
/home/user/bitoguard-hackathon/bitoguard_core/official/nested_hpo.py:260: DeprecationWarning: is_categorical_dtype is deprecated and will be removed in a future version. Use isinstance(dtype, pd.CategoricalDtype) instead
  or pd.api.types.is_categorical_dtype(train_frame[column])
/home/user/bitoguard-hackathon/bitoguard_core/official/nested_hpo.py:260: DeprecationWarning: is_categorical_dtype is deprecated and will be removed in a future version. Use isinstance(dtype, pd.CategoricalDtype) instead
  or pd.api.types.is_categorical_dtype(train_frame[column])
/home/user/bitoguard-hackathon/bitoguard_core/official/nested_hpo.py:260: DeprecationWarning: is_categorical_dtype is deprecated and will be removed in a future version. Use isinstance(dtype, pd.CategoricalDtype) instead
  or pd.api.types.is_categorical_dtype(train_frame[column])
/home/user/bitoguard-hackathon/bitoguard_core/official/nested_hpo.py:260: DeprecationWarning: is_categorical_dtype is deprecated and will be removed in a future version. Use isinstance(dtype, pd.CategoricalDtype) instead
  or pd.api.types.is_categorical_dtype(train_frame[column])
/home/user/bitoguard-hackathon/bitoguard_core/official/nested_hpo.py:260: DeprecationWarning: is_categorical_dtype is deprecated and will be removed in a future version. Use isinstance(dtype, pd.CategoricalDtype) instead
  or pd.api.types.is_categorical_dtype(train_frame[column])
/home/user/bitoguard-hackathon/bitoguard_core/official/nested_hpo.py:260: DeprecationWarning: is_categorical_dtype is deprecated and will be removed in a future version. Use isinstance(dtype, pd.CategoricalDtype) instead
  or pd.api.types.is_categorical_dtype(train_frame[column])
/home/user/bitoguard-hackathon/bitoguard_core/official/nested_hpo.py:260: DeprecationWarning: is_categorical_dtype is deprecated and will be removed in a future version. Use isinstance(dtype, pd.CategoricalDtype) instead
  or pd.api.types.is_categorical_dtype(train_frame[column])
/home/user/bitoguard-hackathon/bitoguard_core/official/nested_hpo.py:260: DeprecationWarning: is_categorical_dtype is deprecated and will be removed in a future version. Use isinstance(dtype, pd.CategoricalDtype) instead
  or pd.api.types.is_categorical_dtype(train_frame[column])
/home/user/bitoguard-hackathon/bitoguard_core/official/nested_hpo.py:260: DeprecationWarning: is_categorical_dtype is deprecated and will be removed in a future version. Use isinstance(dtype, pd.CategoricalDtype) instead
  or pd.api.types.is_categorical_dtype(train_frame[column])
/home/user/bitoguard-hackathon/bitoguard_core/official/nested_hpo.py:260: DeprecationWarning: is_categorical_dtype is deprecated and will be removed in a future version. Use isinstance(dtype, pd.CategoricalDtype) instead
  or pd.api.types.is_categorical_dtype(train_frame[column])
/home/user/bitoguard-hackathon/bitoguard_core/official/nested_hpo.py:260: DeprecationWarning: is_categorical_dtype is deprecated and will be removed in a future version. Use isinstance(dtype, pd.CategoricalDtype) instead
  or pd.api.types.is_categorical_dtype(train_frame[column])
/home/user/bitoguard-hackathon/bitoguard_core/official/nested_hpo.py:260: DeprecationWarning: is_categorical_dtype is deprecated and will be removed in a future version. Use isinstance(dtype, pd.CategoricalDtype) instead
  or pd.api.types.is_categorical_dtype(train_frame[column])
/home/user/bitoguard-hackathon/bitoguard_core/official/nested_hpo.py:260: DeprecationWarning: is_categorical_dtype is deprecated and will be removed in a future version. Use isinstance(dtype, pd.CategoricalDtype) instead
  or pd.api.types.is_categorical_dtype(train_frame[column])
/home/user/bitoguard-hackathon/bitoguard_core/official/nested_hpo.py:260: DeprecationWarning: is_categorical_dtype is deprecated and will be removed in a future version. Use isinstance(dtype, pd.CategoricalDtype) instead
  or pd.api.types.is_categorical_dtype(train_frame[column])
/home/user/bitoguard-hackathon/bitoguard_core/official/nested_hpo.py:260: DeprecationWarning: is_categorical_dtype is deprecated and will be removed in a future version. Use isinstance(dtype, pd.CategoricalDtype) instead
  or pd.api.types.is_categorical_dtype(train_frame[column])
/home/user/bitoguard-hackathon/bitoguard_core/official/nested_hpo.py:260: DeprecationWarning: is_categorical_dtype is deprecated and will be removed in a future version. Use isinstance(dtype, pd.CategoricalDtype) instead
  or pd.api.types.is_categorical_dtype(train_frame[column])
[nested_hpo 15:48:37]   3a done: inner OOF 40814 rows (413s)
[nested_hpo 15:48:37]   3b: Final multi-seed training...
/home/user/bitoguard-hackathon/bitoguard_core/official/nested_hpo.py:260: DeprecationWarning: is_categorical_dtype is deprecated and will be removed in a future version. Use isinstance(dtype, pd.CategoricalDtype) instead
  or pd.api.types.is_categorical_dtype(train_frame[column])
/home/user/bitoguard-hackathon/bitoguard_core/official/nested_hpo.py:260: DeprecationWarning: is_categorical_dtype is deprecated and will be removed in a future version. Use isinstance(dtype, pd.CategoricalDtype) instead
  or pd.api.types.is_categorical_dtype(train_frame[column])
/home/user/bitoguard-hackathon/bitoguard_core/official/nested_hpo.py:260: DeprecationWarning: is_categorical_dtype is deprecated and will be removed in a future version. Use isinstance(dtype, pd.CategoricalDtype) instead
  or pd.api.types.is_categorical_dtype(train_frame[column])
/home/user/bitoguard-hackathon/bitoguard_core/official/nested_hpo.py:260: DeprecationWarning: is_categorical_dtype is deprecated and will be removed in a future version. Use isinstance(dtype, pd.CategoricalDtype) instead
  or pd.api.types.is_categorical_dtype(train_frame[column])
/home/user/bitoguard-hackathon/bitoguard_core/official/nested_hpo.py:260: DeprecationWarning: is_categorical_dtype is deprecated and will be removed in a future version. Use isinstance(dtype, pd.CategoricalDtype) instead
  or pd.api.types.is_categorical_dtype(train_frame[column])
[nested_hpo 15:49:58]   3b done (81s)
[nested_hpo 15:50:32] Stage 3 done: F1=0.3541 P=0.3180 R=0.3994 AP=0.3070 (528s)
[nested_hpo 15:50:32] Outer fold 4 done: F1=0.3541, total=1685s
[nested_hpo 15:50:32] All folds done, aggregating...
[nested_hpo 15:50:32] 
============================================================
  Nested CV Summary (5 folds)
  Pooled F1: 0.3636 (threshold=0.180)
  Mean fold F1: 0.3620 ± 0.0100
  Pooled P=0.3308 R=0.4037
  Pooled AUC-ROC=0.8853 AP=0.3222
============================================================

=== Final ===
Pooled F1: 0.3636
Mean fold F1: 0.3620 ± 0.0100
